<?xml version="1.0" encoding="UTF-8"?>
<!-- Generated by org.testng.reporters.JUnitReportReporter -->
<testsuite hostname="AYON" failures="0" tests="2" name="com.demob125.testrunner125.testrunner125" time="2.154" errors="1" timestamp="2022-08-09T20:49:15 CDT" skipped="1">
  <testcase classname="com.demob125.testrunner125.testrunner125" name="feature" time="0.000">
    <skipped/>
  </testcase> <!-- feature -->
  <system-out/>
  <testcase classname="com.demob125.testrunner125.testrunner125" name="startURL" time="2.154">
    <error message="session not created: This version of ChromeDriver only supports Chrome version 102
Current browser version is 104.0.5112.79 with binary path C:\Program Files\Google\Chrome\Application\chrome.exe
Build info: version: &#039;3.14.0&#039;, revision: &#039;aacccce0&#039;, time: &#039;2018-08-02T20:19:58.91Z&#039;
System info: host: &#039;AYON&#039;, ip: &#039;192.168.3.140&#039;, os.name: &#039;Windows 10&#039;, os.arch: &#039;amd64&#039;, os.version: &#039;10.0&#039;, java.version: &#039;11.0.13&#039;
Driver info: driver.version: ChromeDriver
remote stacktrace: Backtrace:
	Ordinal0 [0x0103D953+2414931]
	Ordinal0 [0x00FCF5E1+1963489]
	Ordinal0 [0x00EBC6B8+837304]
	Ordinal0 [0x00EDCAE3+969443]
	Ordinal0 [0x00ED86FA+952058]
	Ordinal0 [0x00ED5FB1+942001]
	Ordinal0 [0x00F09100+1151232]
	Ordinal0 [0x00F08D5A+1150298]
	Ordinal0 [0x00F042B6+1131190]
	Ordinal0 [0x00EDE860+976992]
	Ordinal0 [0x00EDF756+980822]
	GetHandleVerifier [0x012ACC62+2510274]
	GetHandleVerifier [0x0129F760+2455744]
	GetHandleVerifier [0x010CEABA+551962]
	GetHandleVerifier [0x010CD916+547446]
	Ordinal0 [0x00FD5F3B+1990459]
	Ordinal0 [0x00FDA898+2009240]
	Ordinal0 [0x00FDA985+2009477]
	Ordinal0 [0x00FE3AD1+2046673]
	BaseThreadInitThunk [0x761A6739+25]
	RtlGetFullPathName_UEx [0x77768FEF+1215]
	RtlGetFullPathName_UEx [0x77768FBD+1165]
" type="org.openqa.selenium.SessionNotCreatedException">
      <![CDATA[org.openqa.selenium.SessionNotCreatedException: session not created: This version of ChromeDriver only supports Chrome version 102
Current browser version is 104.0.5112.79 with binary path C:\Program Files\Google\Chrome\Application\chrome.exe
Build info: version: '3.14.0', revision: 'aacccce0', time: '2018-08-02T20:19:58.91Z'
System info: host: 'AYON', ip: '192.168.3.140', os.name: 'Windows 10', os.arch: 'amd64', os.version: '10.0', java.version: '11.0.13'
Driver info: driver.version: ChromeDriver
remote stacktrace: Backtrace:
Ordinal0 [0x0103D953+2414931]
Ordinal0 [0x00FCF5E1+1963489]
Ordinal0 [0x00EBC6B8+837304]
Ordinal0 [0x00EDCAE3+969443]
Ordinal0 [0x00ED86FA+952058]
Ordinal0 [0x00ED5FB1+942001]
Ordinal0 [0x00F09100+1151232]
Ordinal0 [0x00F08D5A+1150298]
Ordinal0 [0x00F042B6+1131190]
Ordinal0 [0x00EDE860+976992]
Ordinal0 [0x00EDF756+980822]
GetHandleVerifier [0x012ACC62+2510274]
GetHandleVerifier [0x0129F760+2455744]
GetHandleVerifier [0x010CEABA+551962]
GetHandleVerifier [0x010CD916+547446]
Ordinal0 [0x00FD5F3B+1990459]
Ordinal0 [0x00FDA898+2009240]
Ordinal0 [0x00FDA985+2009477]
Ordinal0 [0x00FE3AD1+2046673]
BaseThreadInitThunk [0x761A6739+25]
RtlGetFullPathName_UEx [0x77768FEF+1215]
RtlGetFullPathName_UEx [0x77768FBD+1165]

at java.base/jdk.internal.reflect.NativeConstructorAccessorImpl.newInstance0(Native Method)
at java.base/jdk.internal.reflect.NativeConstructorAccessorImpl.newInstance(NativeConstructorAccessorImpl.java:62)
at java.base/jdk.internal.reflect.DelegatingConstructorAccessorImpl.newInstance(DelegatingConstructorAccessorImpl.java:45)
at java.base/java.lang.reflect.Constructor.newInstance(Constructor.java:490)
at org.openqa.selenium.remote.W3CHandshakeResponse.lambda$new$0(W3CHandshakeResponse.java:57)
at org.openqa.selenium.remote.W3CHandshakeResponse.lambda$getResponseFunction$2(W3CHandshakeResponse.java:104)
at org.openqa.selenium.remote.ProtocolHandshake.lambda$createSession$0(ProtocolHandshake.java:122)
at java.base/java.util.stream.ReferencePipeline$3$1.accept(ReferencePipeline.java:195)
at java.base/java.util.Spliterators$ArraySpliterator.tryAdvance(Spliterators.java:958)
at java.base/java.util.stream.ReferencePipeline.forEachWithCancel(ReferencePipeline.java:127)
at java.base/java.util.stream.AbstractPipeline.copyIntoWithCancel(AbstractPipeline.java:502)
at java.base/java.util.stream.AbstractPipeline.copyInto(AbstractPipeline.java:488)
at java.base/java.util.stream.AbstractPipeline.wrapAndCopyInto(AbstractPipeline.java:474)
at java.base/java.util.stream.FindOps$FindOp.evaluateSequential(FindOps.java:150)
at java.base/java.util.stream.AbstractPipeline.evaluate(AbstractPipeline.java:234)
at java.base/java.util.stream.ReferencePipeline.findFirst(ReferencePipeline.java:543)
at org.openqa.selenium.remote.ProtocolHandshake.createSession(ProtocolHandshake.java:125)
at org.openqa.selenium.remote.ProtocolHandshake.createSession(ProtocolHandshake.java:73)
at org.openqa.selenium.remote.HttpCommandExecutor.execute(HttpCommandExecutor.java:136)
at org.openqa.selenium.remote.service.DriverCommandExecutor.execute(DriverCommandExecutor.java:83)
at org.openqa.selenium.remote.RemoteWebDriver.execute(RemoteWebDriver.java:548)
at org.openqa.selenium.remote.RemoteWebDriver.startSession(RemoteWebDriver.java:212)
at org.openqa.selenium.remote.RemoteWebDriver.<init>(RemoteWebDriver.java:130)
at org.openqa.selenium.chrome.ChromeDriver.<init>(ChromeDriver.java:181)
at org.openqa.selenium.chrome.ChromeDriver.<init>(ChromeDriver.java:168)
at org.openqa.selenium.chrome.ChromeDriver.<init>(ChromeDriver.java:123)
at com.demob125.utility125.base_class125.initiBrowser(base_class125.java:35)
at com.demob125.testrunner125.testrunner125.startURL(testrunner125.java:19)
at java.base/jdk.internal.reflect.NativeMethodAccessorImpl.invoke0(Native Method)
at java.base/jdk.internal.reflect.NativeMethodAccessorImpl.invoke(NativeMethodAccessorImpl.java:62)
at java.base/jdk.internal.reflect.DelegatingMethodAccessorImpl.invoke(DelegatingMethodAccessorImpl.java:43)
at java.base/java.lang.reflect.Method.invoke(Method.java:566)
at org.testng.internal.MethodInvocationHelper.invokeMethod(MethodInvocationHelper.java:132)
at org.testng.internal.MethodInvocationHelper.invokeMethodConsideringTimeout(MethodInvocationHelper.java:61)
at org.testng.internal.ConfigInvoker.invokeConfigurationMethod(ConfigInvoker.java:366)
at org.testng.internal.ConfigInvoker.invokeConfigurations(ConfigInvoker.java:320)
at org.testng.TestRunner.invokeTestConfigurations(TestRunner.java:617)
at org.testng.TestRunner.beforeRun(TestRunner.java:607)
at org.testng.TestRunner.run(TestRunner.java:578)
at org.testng.SuiteRunner.runTest(SuiteRunner.java:384)
at org.testng.SuiteRunner.runSequentially(SuiteRunner.java:378)
at org.testng.SuiteRunner.privateRun(SuiteRunner.java:337)
at org.testng.SuiteRunner.run(SuiteRunner.java:286)
at org.testng.SuiteRunnerWorker.runSuite(SuiteRunnerWorker.java:53)
at org.testng.SuiteRunnerWorker.run(SuiteRunnerWorker.java:96)
at org.testng.TestNG.runSuitesSequentially(TestNG.java:1218)
at org.testng.TestNG.runSuitesLocally(TestNG.java:1140)
at org.testng.TestNG.runSuites(TestNG.java:1069)
at org.testng.TestNG.run(TestNG.java:1037)
at org.testng.remote.AbstractRemoteTestNG.run(AbstractRemoteTestNG.java:115)
at org.testng.remote.RemoteTestNG.initAndRun(RemoteTestNG.java:251)
at org.testng.remote.RemoteTestNG.main(RemoteTestNG.java:77)
]]>
    </error>
  </testcase> <!-- startURL -->
  <system-out/>
</testsuite> <!-- com.demob125.testrunner125.testrunner125 -->
